<?xml version="1.0" encoding="UTF-8"?>
<!-- Generated by org.testng.reporters.JUnitReportReporter -->
<testsuite hostname="USHYDBUDCHANE1" failures="0" tests="2" name="RunnerClasss.TestRunner" time="16.839" errors="0" timestamp="2026-02-17T17:11:51 IST" skipped="0">
  <testcase classname="RunnerClasss.TestRunner" name="runScenario" time="5.546"/>
  <system-out/>
  <testcase classname="RunnerClasss.TestRunner" name="runScenario" time="11.293"/>
  <system-out/>
</testsuite> <!-- RunnerClasss.TestRunner -->
