<?xml version="1.0" encoding="UTF-8"?>
<!-- Generated by org.testng.reporters.JUnitReportReporter -->
<testsuite hostname="USHYDBUDCHANE1" failures="0" tests="2" name="RunnerClasss.SecondRunner" time="0.197" errors="0" timestamp="2026-02-19T11:46:51 IST" skipped="0">
  <testcase classname="RunnerClasss.SecondRunner" name="runScenario" time="0.167"/>
  <system-out/>
  <testcase classname="RunnerClasss.SecondRunner" name="runScenario" time="0.030"/>
  <system-out/>
</testsuite> <!-- RunnerClasss.SecondRunner -->
